[    0.000000] Initializing cgroup subsys cpuset
[    0.000000] Initializing cgroup subsys cpu
[    0.000000] Initializing cgroup subsys cpuacct
[    0.000000] Linux version 4.4.0-157-generic (buildd@lgw01-amd64-037) (gcc version 5.4.0 20160609 (Ubuntu 5.4.0-6ubuntu1~16.04.10) ) #185-Ubuntu SMP Tue Jul 23 09:17:01 UTC 2019 (Ubuntu 4.4.0-157.185-generic 4.4.181)
[    0.000000] Command line: BOOT_IMAGE=/boot/vmlinuz-4.4.0-157-generic root=LABEL=cloudimg-rootfs ro console=tty1 console=ttyS0
[    0.000000] KERNEL supported cpus:
[    0.000000]   Intel GenuineIntel
[    0.000000]   AMD AuthenticAMD
[    0.000000]   Centaur CentaurHauls
[    0.000000] x86/fpu: xstate_offset[2]:  576, xstate_sizes[2]:  256
[    0.000000] x86/fpu: Supporting XSAVE feature 0x01: 'x87 floating point registers'
[    0.000000] x86/fpu: Supporting XSAVE feature 0x02: 'SSE registers'
[    0.000000] x86/fpu: Supporting XSAVE feature 0x04: 'AVX registers'
[    0.000000] x86/fpu: Enabled xstate features 0x7, context size is 832 bytes, using 'standard' format.
[    0.000000] e820: BIOS-provided physical RAM map:
[    0.000000] BIOS-e820: [mem 0x0000000000000000-0x000000000009fbff] usable
[    0.000000] BIOS-e820: [mem 0x000000000009fc00-0x000000000009ffff] reserved
[    0.000000] BIOS-e820: [mem 0x00000000000f0000-0x00000000000fffff] reserved
[    0.000000] BIOS-e820: [mem 0x0000000000100000-0x000000003ffeffff] usable
[    0.000000] BIOS-e820: [mem 0x000000003fff0000-0x000000003fffffff] ACPI data
[    0.000000] BIOS-e820: [mem 0x00000000fec00000-0x00000000fec00fff] reserved
[    0.000000] BIOS-e820: [mem 0x00000000fee00000-0x00000000fee00fff] reserved
[    0.000000] BIOS-e820: [mem 0x00000000fffc0000-0x00000000ffffffff] reserved
[    0.000000] NX (Execute Disable) protection: active
[    0.000000] SMBIOS 2.5 present.
[    0.000000] Hypervisor detected: KVM
[    0.000000] e820: last_pfn = 0x3fff0 max_arch_pfn = 0x400000000
[    0.000000] MTRR: Disabled
[    0.000000] x86/PAT: MTRRs disabled, skipping PAT initialization too.
[    0.000000] CPU MTRRs all blank - virtualized system.
[    0.000000] x86/PAT: Configuration [0-7]: WB  WT  UC- UC  WB  WT  UC- UC  
[    0.000000] found SMP MP-table at [mem 0x0009fff0-0x0009ffff] mapped at [ffff88000009fff0]
[    0.000000] Scanning 1 areas for low memory corruption
[    0.000000] RAMDISK: [mem 0x362fc000-0x37175fff]
[    0.000000] ACPI: Early table checksum verification disabled
[    0.000000] ACPI: RSDP 0x00000000000E0000 000024 (v02 VBOX  )
[    0.000000] ACPI: XSDT 0x000000003FFF0030 00003C (v01 VBOX   VBOXXSDT 00000001 ASL  00000061)
[    0.000000] ACPI: FACP 0x000000003FFF00F0 0000F4 (v04 VBOX   VBOXFACP 00000001 ASL  00000061)
[    0.000000] ACPI: DSDT 0x000000003FFF0470 0022EA (v02 VBOX   VBOXBIOS 00000002 INTL 20100528)
[    0.000000] ACPI: FACS 0x000000003FFF0200 000040
[    0.000000] ACPI: FACS 0x000000003FFF0200 000040
[    0.000000] ACPI: APIC 0x000000003FFF0240 00005C (v02 VBOX   VBOXAPIC 00000001 ASL  00000061)
[    0.000000] ACPI: SSDT 0x000000003FFF02A0 0001CC (v01 VBOX   VBOXCPUT 00000002 INTL 20100528)
[    0.000000] No NUMA configuration found
[    0.000000] Faking a node at [mem 0x0000000000000000-0x000000003ffeffff]
[    0.000000] NODE_DATA(0) allocated [mem 0x3ffeb000-0x3ffeffff]
[    0.000000] kvm-clock: Using msrs 4b564d01 and 4b564d00
[    0.000000] kvm-clock: cpu 0, msr 0:3ffe3001, primary cpu clock
[    0.000000] kvm-clock: using sched offset of 3988961377 cycles
[    0.000000] clocksource: kvm-clock: mask: 0xffffffffffffffff max_cycles: 0x1cd42e4dffb, max_idle_ns: 881590591483 ns
[    0.000000] Zone ranges:
[    0.000000]   DMA      [mem 0x0000000000001000-0x0000000000ffffff]
[    0.000000]   DMA32    [mem 0x0000000001000000-0x000000003ffeffff]
[    0.000000]   Normal   empty
[    0.000000]   Device   empty
[    0.000000] Movable zone start for each node
[    0.000000] Early memory node ranges
[    0.000000]   node   0: [mem 0x0000000000001000-0x000000000009efff]
[    0.000000]   node   0: [mem 0x0000000000100000-0x000000003ffeffff]
[    0.000000] Initmem setup node 0 [mem 0x0000000000001000-0x000000003ffeffff]
[    0.000000] ACPI: PM-Timer IO Port: 0x4008
[    0.000000] IOAPIC[0]: apic_id 2, version 32, address 0xfec00000, GSI 0-23
[    0.000000] ACPI: INT_SRC_OVR (bus 0 bus_irq 0 global_irq 2 dfl dfl)
[    0.000000] ACPI: INT_SRC_OVR (bus 0 bus_irq 9 global_irq 9 low level)
[    0.000000] Using ACPI (MADT) for SMP configuration information
[    0.000000] smpboot: Allowing 2 CPUs, 0 hotplug CPUs
[    0.000000] PM: Registered nosave memory: [mem 0x00000000-0x00000fff]
[    0.000000] PM: Registered nosave memory: [mem 0x0009f000-0x0009ffff]
[    0.000000] PM: Registered nosave memory: [mem 0x000a0000-0x000effff]
[    0.000000] PM: Registered nosave memory: [mem 0x000f0000-0x000fffff]
[    0.000000] e820: [mem 0x40000000-0xfebfffff] available for PCI devices
[    0.000000] Booting paravirtualized kernel on KVM
[    0.000000] clocksource: refined-jiffies: mask: 0xffffffff max_cycles: 0xffffffff, max_idle_ns: 7645519600211568 ns
[    0.000000] setup_percpu: NR_CPUS:512 nr_cpumask_bits:512 nr_cpu_ids:2 nr_node_ids:1
[    0.000000] PERCPU: Embedded 34 pages/cpu @ffff88003fc00000 s99544 r8192 d31528 u1048576
[    0.000000] Built 1 zonelists in Node order, mobility grouping on.  Total pages: 257912
[    0.000000] Policy zone: DMA32
[    0.000000] Kernel command line: BOOT_IMAGE=/boot/vmlinuz-4.4.0-157-generic root=LABEL=cloudimg-rootfs ro console=tty1 console=ttyS0
[    0.000000] PID hash table entries: 4096 (order: 3, 32768 bytes)
[    0.000000] Memory: 997736K/1048120K available (8618K kernel code, 1335K rwdata, 4032K rodata, 1484K init, 1284K bss, 50384K reserved, 0K cma-reserved)
[    0.000000] SLUB: HWalign=64, Order=0-3, MinObjects=0, CPUs=2, Nodes=1
[    0.000000] Kernel/User page tables isolation: enabled
[    0.000000] Hierarchical RCU implementation.
[    0.000000] 	Build-time adjustment of leaf fanout to 64.
[    0.000000] 	RCU restricting CPUs from NR_CPUS=512 to nr_cpu_ids=2.
[    0.000000] RCU: Adjusting geometry for rcu_fanout_leaf=64, nr_cpu_ids=2
[    0.000000] NR_IRQS:33024 nr_irqs:440 16
[    0.000000] Console: colour VGA+ 80x25
[    0.000000] console [tty1] enabled
[    0.000000] console [ttyS0] enabled
[    0.000000] tsc: Detected 2712.000 MHz processor
[    0.236345] Calibrating delay loop (skipped) preset value.. 5424.00 BogoMIPS (lpj=10848000)
[    0.239021] pid_max: default: 32768 minimum: 301
[    0.240482] ACPI: Core revision 20150930
[    0.244634] ACPI: 2 ACPI AML tables successfully acquired and loaded
[    0.247116] Security Framework initialized
[    0.248490] Yama: becoming mindful.
[    0.249750] AppArmor: AppArmor initialized
[    0.251545] Dentry cache hash table entries: 131072 (order: 8, 1048576 bytes)
[    0.257369] Inode-cache hash table entries: 65536 (order: 7, 524288 bytes)
[    0.259069] Mount-cache hash table entries: 2048 (order: 2, 16384 bytes)
[    0.260703] Mountpoint-cache hash table entries: 2048 (order: 2, 16384 bytes)
[    0.262468] Initializing cgroup subsys io
[    0.263535] Initializing cgroup subsys memory
[    0.264681] Initializing cgroup subsys devices
[    0.265851] Initializing cgroup subsys freezer
[    0.267092] Initializing cgroup subsys net_cls
[    0.268319] Initializing cgroup subsys perf_event
[    0.269938] Initializing cgroup subsys net_prio
[    0.271432] Initializing cgroup subsys hugetlb
[    0.272607] Initializing cgroup subsys pids
[    0.274952] mce: CPU supports 0 MCE banks
[    0.276083] Last level iTLB entries: 4KB 64, 2MB 8, 4MB 8
[    0.277426] Last level dTLB entries: 4KB 64, 2MB 0, 4MB 0, 1GB 4
[    0.278881] Spectre V2 : Mitigation: Full generic retpoline
[    0.280267] Spectre V2 : Spectre v2 / SpectreRSB mitigation: Filling RSB on context switch
[    0.282451] Speculative Store Bypass: Vulnerable
[    0.283744] MDS: Vulnerable: Clear CPU buffers attempted, no microcode
[    0.288908] Freeing SMP alternatives memory: 36K
[    0.298140] ftrace: allocating 32312 entries in 127 pages
[    0.380525] smpboot: APIC(0) Converting physical 0 to logical package 0
[    0.382069] smpboot: Max logical packages: 1
[    0.383546] x2apic enabled
[    0.384848] Switched APIC routing to physical x2apic.
[    0.387729] ..TIMER: vector=0x30 apic1=0 pin1=2 apic2=-1 pin2=-1
[    0.495811] smpboot: CPU0: Intel(R) Core(TM) i5-7200U CPU @ 2.50GHz (family: 0x6, model: 0x8e, stepping: 0x9)
[    0.499542] Performance Events: unsupported p6 CPU model 142 no PMU driver, software events only.
[    0.517724] KVM setup paravirtual spinlock
[    0.519963] x86: Booting SMP configuration:
[    0.521314] .... node  #0, CPUs:      #1
[    0.522550] kvm-clock: cpu 1, msr 0:3ffe3041, secondary cpu clock
[    0.525463] mce: CPU supports 0 MCE banks
[    0.530079] x86: Booted up 1 node, 2 CPUs
[    0.531927] smpboot: Total of 2 processors activated (10848.00 BogoMIPS)
[    0.534964] devtmpfs: initialized
[    0.539264] evm: security.selinux
[    0.540639] evm: security.SMACK64
[    0.542013] evm: security.SMACK64EXEC
[    0.543446] evm: security.SMACK64TRANSMUTE
[    0.544942] evm: security.SMACK64MMAP
[    0.546172] evm: security.ima
[    0.547270] evm: security.capability
[    0.548897] clocksource: jiffies: mask: 0xffffffff max_cycles: 0xffffffff, max_idle_ns: 7645041785100000 ns
[    0.551581] futex hash table entries: 512 (order: 3, 32768 bytes)
[    0.553369] pinctrl core: initialized pinctrl subsystem
[    0.554921] RTC time: 14:07:52, date: 08/29/19
[    0.556836] NET: Registered protocol family 16
[    0.567954] cpuidle: using governor ladder
[    0.581678] cpuidle: using governor menu
[    0.583077] PCCT header not found.
[    0.584461] ACPI: bus type PCI registered
[    0.585860] acpiphp: ACPI Hot Plug PCI Controller Driver version: 0.5
[    0.588080] PCI: Using configuration type 1 for base access
[    0.601855] ACPI: Added _OSI(Module Device)
[    0.603416] ACPI: Added _OSI(Processor Device)
[    0.605098] ACPI: Added _OSI(3.0 _SCP Extensions)
[    0.606785] ACPI: Added _OSI(Processor Aggregator Device)
[    0.609734] ACPI: Executed 1 blocks of module-level executable AML code
[    0.614357] ACPI: Interpreter enabled
[    0.615776] ACPI: (supports S0 S5)
[    0.616747] ACPI: Using IOAPIC for interrupt routing
[    0.618242] PCI: Using host bridge windows from ACPI; if necessary, use "pci=nocrs" and report a bug
[    0.625360] ACPI: PCI Root Bridge [PCI0] (domain 0000 [bus 00-ff])
[    0.626835] acpi PNP0A03:00: _OSC: OS supports [ASPM ClockPM Segments MSI]
[    0.628795] acpi PNP0A03:00: _OSC: not requesting OS control; OS requires [ExtendedConfig ASPM ClockPM MSI]
[    0.631262] acpi PNP0A03:00: fail to add MMCONFIG information, can't access extended PCI configuration space under this bridge.
[    0.634692] PCI host bridge to bus 0000:00
[    0.635818] pci_bus 0000:00: root bus resource [io  0x0000-0x0cf7 window]
[    0.637370] pci_bus 0000:00: root bus resource [io  0x0d00-0xffff window]
[    0.638937] pci_bus 0000:00: root bus resource [mem 0x000a0000-0x000bffff window]
[    0.640958] pci_bus 0000:00: root bus resource [mem 0x40000000-0xfdffffff window]
[    0.643207] pci_bus 0000:00: root bus resource [bus 00-ff]
[    0.647227] pci 0000:00:01.1: legacy IDE quirk: reg 0x10: [io  0x01f0-0x01f7]
[    0.649091] pci 0000:00:01.1: legacy IDE quirk: reg 0x14: [io  0x03f6]
[    0.650972] pci 0000:00:01.1: legacy IDE quirk: reg 0x18: [io  0x0170-0x0177]
[    0.653076] pci 0000:00:01.1: legacy IDE quirk: reg 0x1c: [io  0x0376]
[    0.681528] pci 0000:00:07.0: quirk: [io  0x4000-0x403f] claimed by PIIX4 ACPI
[    0.698920] pci 0000:00:07.0: quirk: [io  0x4100-0x410f] claimed by PIIX4 SMB
[    0.716338] ACPI: PCI Interrupt Link [LNKA] (IRQs 5 9 10 *11)
[    0.718426] ACPI: PCI Interrupt Link [LNKB] (IRQs 5 9 *10 11)
[    0.720360] ACPI: PCI Interrupt Link [LNKC] (IRQs 5 *9 10 11)
[    0.722254] ACPI: PCI Interrupt Link [LNKD] (IRQs 5 9 10 *11)
[    0.724193] ACPI: Enabled 2 GPEs in block 00 to 07
[    0.726024] vgaarb: setting as boot device: PCI:0000:00:02.0
[    0.727841] vgaarb: device added: PCI:0000:00:02.0,decodes=io+mem,owns=io+mem,locks=none
[    0.730474] vgaarb: loaded
[    0.731501] vgaarb: bridge control possible 0000:00:02.0
[    0.733603] SCSI subsystem initialized
[    0.735188] ACPI: bus type USB registered
[    0.736560] usbcore: registered new interface driver usbfs
[    0.738255] usbcore: registered new interface driver hub
[    0.739926] usbcore: registered new device driver usb
[    0.741713] PCI: Using ACPI for IRQ routing
[    0.744206] NetLabel: Initializing
[    0.745658] NetLabel:  domain hash size = 128
[    0.747461] NetLabel:  protocols = UNLABELED CIPSOv4
[    0.753087] NetLabel:  unlabeled traffic allowed by default
[    0.755574] amd_nb: Cannot enumerate AMD northbridges
[    0.757845] clocksource: Switched to clocksource kvm-clock
[    0.778268] AppArmor: AppArmor Filesystem Enabled
[    0.780067] pnp: PnP ACPI init
[    0.782681] pnp: PnP ACPI: found 3 devices
[    0.795239] clocksource: acpi_pm: mask: 0xffffff max_cycles: 0xffffff, max_idle_ns: 2085701024 ns
[    0.797514] NET: Registered protocol family 2
[    0.798885] TCP established hash table entries: 8192 (order: 4, 65536 bytes)
[    0.800532] TCP bind hash table entries: 8192 (order: 5, 131072 bytes)
[    0.802361] TCP: Hash tables configured (established 8192 bind 8192)
[    0.804207] UDP hash table entries: 512 (order: 2, 16384 bytes)
[    0.805656] UDP-Lite hash table entries: 512 (order: 2, 16384 bytes)
[    0.807221] NET: Registered protocol family 1
[    0.808343] pci 0000:00:00.0: Limiting direct PCI/PCI transfers
[    0.810027] pci 0000:00:01.0: Activating ISA DMA hang workarounds
[    0.812039] Unpacking initramfs...
[    1.090487] Freeing initrd memory: 14824K
[    1.092086] clocksource: tsc: mask: 0xffffffffffffffff max_cycles: 0x2717868ea45, max_idle_ns: 440795316085 ns
[    1.094689] platform rtc_cmos: registered platform RTC device (no PNP device found)
[    1.096855] Scanning for low memory corruption every 60 seconds
[    1.098817] audit: initializing netlink subsys (disabled)
[    1.100265] audit: type=2000 audit(1567087678.204:1): initialized
[    1.102125] Initialise system trusted keyring
[    1.103781] HugeTLB registered 2 MB page size, pre-allocated 0 pages
[    1.106841] zbud: loaded
[    1.108091] VFS: Disk quotas dquot_6.6.0
[    1.109537] VFS: Dquot-cache hash table entries: 512 (order 0, 4096 bytes)
[    1.112309] squashfs: version 4.0 (2009/01/31) Phillip Lougher
[    1.114764] fuse init (API version 7.23)
[    1.116115] Key type big_key registered
[    1.117235] Allocating IMA MOK and blacklist keyrings.
[    1.120423] Key type asymmetric registered
[    1.121847] Asymmetric key parser 'x509' registered
[    1.123584] Block layer SCSI generic (bsg) driver version 0.4 loaded (major 249)
[    1.126289] io scheduler noop registered
[    1.127340] io scheduler deadline registered (default)
[    1.128625] io scheduler cfq registered
[    1.129780] pci_hotplug: PCI Hot Plug PCI Core version: 0.5
[    1.131191] pciehp: PCI Express Hot Plug Controller Driver version: 0.4
[    1.133113] ACPI: AC Adapter [AC] (on-line)
[    1.134583] input: Power Button as /devices/LNXSYSTM:00/LNXPWRBN:00/input/input0
[    1.137201] ACPI: Power Button [PWRF]
[    1.138705] input: Sleep Button as /devices/LNXSYSTM:00/LNXSLPBN:00/input/input1
[    1.141180] ACPI: Sleep Button [SLPF]
[    1.142735] GHES: HEST is not enabled!
[    1.145601] ACPI: Battery Slot [BAT0] (battery present)
[    1.147879] Serial: 8250/16550 driver, 32 ports, IRQ sharing enabled
[    1.170688] 00:02: ttyS0 at I/O 0x3f8 (irq = 4, base_baud = 115200) is a 16550A
[    1.176474] Linux agpgart interface v0.103
[    1.180287] loop: module loaded
[    1.182271] scsi host0: ata_piix
[    1.183928] scsi host1: ata_piix
[    1.184906] ata1: PATA max UDMA/33 cmd 0x1f0 ctl 0x3f6 bmdma 0xd000 irq 14
[    1.186517] ata2: PATA max UDMA/33 cmd 0x170 ctl 0x376 bmdma 0xd008 irq 15
[    1.188333] libphy: Fixed MDIO Bus: probed
[    1.189554] tun: Universal TUN/TAP device driver, 1.6
[    1.190871] tun: (C) 1999-2004 Max Krasnyansky <maxk@qualcomm.com>
[    1.192499] PPP generic driver version 2.4.2
[    1.193739] ehci_hcd: USB 2.0 'Enhanced' Host Controller (EHCI) Driver
[    1.195272] ehci-pci: EHCI PCI platform driver
[    1.196423] ehci-platform: EHCI generic platform driver
[    1.197776] ohci_hcd: USB 1.1 'Open' Host Controller (OHCI) Driver
[    1.199278] ohci-pci: OHCI PCI platform driver
[    1.200421] ohci-platform: OHCI generic platform driver
[    1.201863] uhci_hcd: USB Universal Host Controller Interface driver
[    1.203858] i8042: PNP: PS/2 Controller [PNP0303:PS2K,PNP0f03:PS2M] at 0x60,0x64 irq 1,12
[    1.207305] serio: i8042 KBD port at 0x60,0x64 irq 1
[    1.208875] serio: i8042 AUX port at 0x60,0x64 irq 12
[    1.210724] mousedev: PS/2 mouse device common for all mice
[    1.212766] input: AT Translated Set 2 keyboard as /devices/platform/i8042/serio0/input/input2
[    1.215491] rtc_cmos rtc_cmos: rtc core: registered rtc_cmos as rtc0
[    1.217029] rtc_cmos rtc_cmos: alarms up to one day, 114 bytes nvram
[    1.218571] i2c /dev entries driver
[    1.219644] device-mapper: uevent: version 1.0.3
[    1.221015] device-mapper: ioctl: 4.34.0-ioctl (2015-10-28) initialised: dm-devel@redhat.com
[    1.223297] ledtrig-cpu: registered to indicate activity on CPUs
[    1.225169] NET: Registered protocol family 10
[    1.226559] NET: Registered protocol family 17
[    1.227713] Key type dns_resolver registered
[    1.229301] registered taskstats version 1
[    1.230433] Loading compiled-in X.509 certificates
[    1.232209] Loaded X.509 cert 'Build time autogenerated kernel key: 3e01e6df98386236d59670e6b2ed19a044d5324e'
[    1.234759] zswap: loaded using pool lzo/zbud
[    1.238793] Key type trusted registered
[    1.243563] Key type encrypted registered
[    1.244945] AppArmor: AppArmor sha1 policy hashing enabled
[    1.246695] ima: No TPM chip found, activating TPM-bypass!
[    1.248412] ima: Allocated hash algorithm: sha1
[    1.249729] evm: HMAC attrs: 0x1
[    1.251168]   Magic number: 15:740:132
[    1.252276] rtc_cmos rtc_cmos: setting system clock to 2019-08-29 14:07:53 UTC (1567087673)
[    1.254544] BIOS EDD facility v0.16 2004-Jun-25, 0 devices found
[    1.256270] EDD information not available.
[    1.344027] Freeing unused kernel memory: 1484K
[    1.345678] Write protecting the kernel read-only data: 14336k
[    1.348343] Freeing unused kernel memory: 1612K
[    1.350202] Freeing unused kernel memory: 64K
Loading, please wait...
starting version 229
[    1.370116] random: systemd-udevd: uninitialized urandom read (16 bytes read, 3 bits of entropy available)
[    1.371016] random: udevadm: uninitialized urandom read (16 bytes read, 3 bits of entropy available)
[    1.371045] random: udevadm: uninitialized urandom read (16 bytes read, 3 bits of entropy available)
[    1.381879] random: systemd-udevd: uninitialized urandom read (16 bytes read, 3 bits of entropy available)
[    1.385297] random: systemd-udevd: uninitialized urandom read (16 bytes read, 3 bits of entropy available)
[    1.386650] random: udevadm: uninitialized urandom read (16 bytes read, 3 bits of entropy available)
[    1.386726] random: udevadm: uninitialized urandom read (16 bytes read, 3 bits of entropy available)
[    1.386994] random: udevadm: uninitialized urandom read (16 bytes read, 3 bits of entropy available)
[    1.387109] random: udevadm: uninitialized urandom read (16 bytes read, 3 bits of entropy available)
[    1.387210] random: udevadm: uninitialized urandom read (16 bytes read, 3 bits of entropy available)
[    1.456296] e1000: Intel(R) PRO/1000 Network Driver - version 7.3.21-k8-NAPI
[    1.458676] e1000: Copyright (c) 1999-2006 Intel Corporation.
[    1.463048] Fusion MPT base driver 3.04.20
[    1.464502] Copyright (c) 1999-2008 LSI Corporation
[    1.471524] Fusion MPT SPI Host driver 3.04.20
[    1.492385] AVX2 version of gcm_enc/dec engaged.
[    1.493923] AES CTR mode by8 optimization enabled
[    1.675973] input: ImExPS/2 Generic Explorer Mouse as /devices/platform/i8042/serio1/input/input4
[    1.896502] e1000 0000:00:03.0 eth0: (PCI:33MHz:32-bit) 02:c2:66:bb:16:6d
[    1.898510] e1000 0000:00:03.0 eth0: Intel(R) PRO/1000 Network Connection
[    1.901438] mptbase: ioc0: Initiating bringup
[    1.966656] ioc0: LSI53C1030 A0: Capabilities={Initiator}
[    2.133515] scsi host2: ioc0: LSI53C1030 A0, FwRev=00000000h, Ports=1, MaxQ=256, IRQ=20
[    2.250927] scsi 2:0:0:0: Direct-Access     VBOX     HARDDISK         1.0  PQ: 0 ANSI: 5
[    2.253783] scsi target2:0:0: Beginning Domain Validation
[    2.256891] scsi target2:0:0: Domain Validation skipping write tests
[    2.259160] scsi target2:0:0: Ending Domain Validation
[    2.260857] scsi target2:0:0: asynchronous
[    2.262597] scsi 2:0:1:0: Direct-Access     VBOX     HARDDISK         1.0  PQ: 0 ANSI: 5
[    2.265166] scsi target2:0:1: Beginning Domain Validation
[    2.268568] scsi target2:0:1: Domain Validation skipping write tests
[    2.270801] scsi target2:0:1: Ending Domain Validation
[    2.272754] scsi target2:0:1: asynchronous
[    2.291213] sd 2:0:0:0: Attached scsi generic sg0 type 0
[    2.293266] sd 2:0:0:0: [sda] 20971520 512-byte logical blocks: (10.7 GB/10.0 GiB)
[    2.314684] sd 2:0:1:0: [sdb] 20480 512-byte logical blocks: (10.5 MB/10.0 MiB)
[    2.317754] sd 2:0:1:0: Attached scsi generic sg1 type 0
[    2.320060] sd 2:0:1:0: [sdb] Write Protect is off
[    2.322046] sd 2:0:1:0: [sdb] Incomplete mode parameter data
[    2.324070] sd 2:0:1:0: [sdb] Assuming drive cache: write through
[    2.326039] sd 2:0:0:0: [sda] Write Protect is off
[    2.328608] sd 2:0:0:0: [sda] Incomplete mode parameter data
[    2.330465] sd 2:0:0:0: [sda] Assuming drive cache: write through
[    2.334899] sd 2:0:1:0: [sdb] Attached SCSI disk
[    2.336501]  sda: sda1
[    2.338396] sd 2:0:0:0: [sda] Attached SCSI disk
[    2.652755] e1000 0000:00:08.0 eth1: (PCI:33MHz:32-bit) 08:00:27:8a:c8:3d
[    2.655395] e1000 0000:00:08.0 eth1: Intel(R) PRO/1000 Network Connection
[    2.659135] e1000 0000:00:03.0 enp0s3: renamed from eth0
[    2.670170] e1000 0000:00:08.0 enp0s8: renamed from eth1
Begin: Loading essential drivers ... [    4.338615] md: linear personality registered for level -1
[    4.342523] md: multipath personality registered for level -4
[    4.347070] md: raid0 personality registered for level 0
[    4.352403] md: raid1 personality registered for level 1
[    4.426219] raid6: sse2x1   gen()  9811 MB/s
[    4.493975] raid6: sse2x1   xor()  7072 MB/s
[    4.561916] raid6: sse2x2   gen() 12151 MB/s
[    4.630182] raid6: sse2x2   xor()  8475 MB/s
[    4.697863] raid6: sse2x4   gen() 13579 MB/s
[    4.766293] raid6: sse2x4   xor()  8258 MB/s
[    4.834135] raid6: avx2x1   gen() 18956 MB/s
[    4.901961] raid6: avx2x2   gen() 20879 MB/s
[    4.969932] raid6: avx2x4   gen() 21868 MB/s
[    4.971502] raid6: using algorithm avx2x4 gen() 21868 MB/s
[    4.973430] raid6: using avx2x2 recovery algorithm
[    4.976769] xor: automatically using best checksumming function:
[    5.018137]    avx       : 22445.000 MB/sec
[    5.021210] async_tx: api initialized (async)
[    5.037538] md: raid6 personality registered for level 6
[    5.039341] md: raid5 personality registered for level 5
[    5.041251] md: raid4 personality registered for level 4
[    5.051777] md: raid10 personality registered for level 10
done.
Begin: Running /scripts/init-premount ... done.
Begin: Mounting root file system ... Begin: Running /scripts/local-top ... done.
Begin: Running /scripts/local-premount ... [    5.094777] Btrfs loaded
Scanning for Btrfs filesystems
done.
Warning: fsck not present, so skipping root file system
[    5.125934] EXT4-fs (sda1): mounted filesystem with ordered data mode. Opts: (null)
done.
Begin: Running /scripts/local-bottom ... done.
Begin: Running /scripts/init-bottom ... done.
[    5.257079] systemd[1]: systemd 229 running in system mode. (+PAM +AUDIT +SELINUX +IMA +APPARMOR +SMACK +SYSVINIT +UTMP +LIBCRYPTSETUP +GCRYPT +GNUTLS +ACL +XZ -LZ4 +SECCOMP +BLKID +ELFUTILS +KMOD -IDN)
[    5.275266] systemd[1]: Detected virtualization oracle.
[    5.276797] systemd[1]: Detected architecture x86-64.

Welcome to [1mUbuntu 16.04.6 LTS[0m!

[    5.282175] systemd[1]: Set hostname to <ubuntu>.
[    5.286516] systemd[1]: Initializing machine ID from random generator.
[    5.288281] systemd[1]: Installed transient /etc/machine-id file.
[    5.468558] systemd[1]: Reached target Swap.
[[0;32m  OK  [0m] Reached target Swap.
[    5.471676] systemd[1]: Listening on LVM2 metadata daemon socket.
[[0;32m  OK  [0m] Listening on LVM2 metadata daemon socket.
[    5.475303] systemd[1]: Reached target System Time Synchronized.
[[0;32m  OK  [0m] Reached target System Time Synchronized.
[    5.478351] systemd[1]: Listening on udev Control Socket.
[[0;32m  OK  [0m] Listening on udev Control Socket.
[    5.481273] systemd[1]: Created slice User and Session Slice.
[[0;32m  OK  [0m] Created slice User and Session Slice.
[    5.484041] systemd[1]: Listening on udev Kernel Socket.
[[0;32m  OK  [0m] Listening on udev Kernel Socket.
[    5.486474] systemd[1]: Listening on Journal Socket.
[[0;32m  OK  [0m] Listening on Journal Socket.
[    5.489125] systemd[1]: Reached target Encrypted Volumes.
[[0;32m  OK  [0m] Reached target Encrypted Volumes.
[    5.491584] systemd[1]: Started Forward Password Requests to Wall Directory Watch.
[[0;32m  OK  [0m] Started Forward Password Requests to Wall Directory Watch.
[    5.495193] systemd[1]: Listening on Syslog Socket.
[[0;32m  OK  [0m] Listening on Syslog Socket.
[    5.497557] systemd[1]: Listening on Journal Audit Socket.
[[0;32m  OK  [0m] Listening on Journal Audit Socket.
[    5.500444] systemd[1]: Listening on Journal Socket (/dev/log).
[[0;32m  OK  [0m] Listening on Journal Socket (/dev/log).
[    5.503221] systemd[1]: Listening on /dev/initctl Compatibility Named Pipe.
[[0;32m  OK  [0m] Listening on /dev/initctl Compatibility Named Pipe.
[    5.506261] systemd[1]: Listening on LVM2 poll daemon socket.
[[0;32m  OK  [0m] Listening on LVM2 poll daemon socket.
[    5.509778] systemd[1]: Created slice System Slice.
[[0;32m  OK  [0m] Created slice System Slice.
[    5.522183] systemd[1]: Starting Journal Service...
         Starting Journal Service...
[    5.528418] systemd[1]: Starting Load Kernel Modules...
         Starting Load Kernel Modules...
[    5.531035] systemd[1]: Reached target Slices.
[[0;32m  OK  [0m] Reached target Slices.
[    5.534947] systemd[1]: Starting Nameserver information manager...
         Starting Nameserver information manager...
[    5.539365] systemd[1]: Starting Remount Root and Kernel File Systems...
         Starting Remount Root and Kernel File Systems...
[    5.543116] systemd[1]: Mounting POSIX Message Queue File System...
         Mounting POSIX Message Queue File System...
[    5.549901] Loading iSCSI transport class v2.0-870.
[    5.551288] systemd[1]: Starting Uncomplicated firewall...
         Starting Uncomplicated firewall...
[    5.559076] EXT4-fs (sda1): re-mounted. Opts: (null)
[    5.566746] iscsi: registered transport (tcp)
[    5.567574] systemd[1]: Mounting Huge Pages File System...
         Mounting Huge Pages File System...
[    5.574855] systemd[1]: Mounting Debug File System...
         Mounting Debug File System...
[    5.579097] systemd[1]: Starting Create list of required static device nodes for the current kernel...
         Starting Create list of required st... nodes for the current kernel...
[    5.585085] systemd[1]: Reached target User and Group Name Lookups.
[[0;32m  OK  [0m] Reached target User and Group Name Lookups.
[    5.595207] systemd[1]: Starting Set console keymap...
         Starting Set console keymap...
[    5.606316] systemd[1]: Set up automount Arbitrary Executable File Formats File System Automount Point.
[[0;32m  OK  [0m] Set up automount Arbitrary Executab...ats File System Automount Point.
[    5.615490] systemd[1]: Started Trigger resolvconf update for networkd DNS.
[[0;32m  OK  [0m] Started Trigger resolvconf update for networkd DNS.
[    5.621495] systemd[1]: Listening on Device-mapper event daemon FIFOs.
[[0;32m  OK  [0m] Listening on Device-mapper event daemon FIFOs.
[    5.633482] iscsi: registered transport (iser)
[    5.638262] systemd[1]: Starting Monitoring of LVM2 mirrors, snapshots etc. using dmeventd or progress polling...
         Starting Monitoring of LVM2 mirrors... dmeventd or progress polling...
[    5.644830] systemd[1]: Created slice system-serial\x2dgetty.slice.
[[0;32m  OK  [0m] Created slice system-serial\x2dgetty.slice.
[    5.656977] systemd[1]: Mounted Huge Pages File System.
[[0;32m  OK  [0m] Mounted Huge Pages File System.
[    5.660656] systemd[1]: Mounted Debug File System.
[[0;32m  OK  [0m] Mounted Debug File System.
[    5.663581] systemd[1]: Mounted POSIX Message Queue File System.
[[0;32m  OK  [0m] Mounted POSIX Message Queue File System.
[    5.674570] systemd[1]: Started Journal Service.
[[0;32m  OK  [0m] Started Journal Service.
[[0;32m  OK  [0m] Started Load Kernel Modules.
[[0;32m  OK  [0m] Started Remount Root and Kernel File Systems.
[[0;32m  OK  [0m] Started Uncomplicated firewall.
[[0;32m  OK  [0m] Started Create list of required sta...ce nodes for the current kernel.
[[0;32m  OK  [0m] Started Set console keymap.
[[0;32m  OK  [0m] Started Nameserver information manager.
[[0;32m  OK  [0m] Started LVM2 metadata daemon.
         Starting Create Static Device Nodes in /dev...
         Starting udev Coldplug all Devices...
         Starting Load/Save Random Seed...
         Mounting FUSE Control File System...
         Starting Apply Kernel Variables...
         Starting Flush Journal to Persistent Storage...
[[0;32m  OK  [0m] Mounted FUSE Control File System.
[[0;32m  OK  [0m] Started Load/Save Random Seed.
[[0;32m  OK  [0m] Started Create Static Device Nodes in /dev.
[[0;32m  OK  [0m] Started Apply Kernel Variables.
[[0;32m  OK  [0m] Started Flush Journal to Persistent Storage.
[[0;32m  OK  [0m] Started udev Coldplug all Devices.
         Starting udev Kernel Device Manager...
[[0;32m  OK  [0m] Started udev Kernel Device Manager.
[[0;32m  OK  [0m] Started Dispatch Password Requests to Console Directory Watch.
[[0;32m  OK  [0m] Found device /dev/ttyS0.
[[0;32m  OK  [0m] Started Monitoring of LVM2 mirrors,...ng dmeventd or progress polling.
[[0;32m  OK  [0m] Reached target Local File Systems (Pre).
[[0;32m  OK  [0m] Reached target Local File Systems.
         Starting Commit a transient machine-id on disk...
         Starting Tell Plymouth To Write Out Runtime Data...
         Starting Set console font and keymap...
         Starting LSB: AppArmor initialization...
         Starting Initial cloud-init job (pre-networking)...
         Starting Create Volatile Files and Directories...
[[0;32m  OK  [0m] Started Tell Plymouth To Write Out Runtime Data.
[[0;32m  OK  [0m] Started Commit a transient machine-id on disk.
[[0;32m  OK  [0m] Started Create Volatile Files and Directories.
         Starting Update UTMP about System Boot/Shutdown...
[[0;32m  OK  [0m] Started Update UTMP about System Boot/Shutdown.
[[0;32m  OK  [0m] Listening on Load/Save RF Kill Switch Status /dev/rfkill Watch.
[    7.943124] cloud-init[535]: Cloud-init v. 19.1-1-gbaa47854-0ubuntu1~16.04.1 running 'init-local' at Thu, 29 Aug 2019 14:07:59 +0000. Up 7.19 seconds.
[[0;32m  OK  [0m] Started Initial cloud-init job (pre-networking).
[[0;32m  OK  [0m] Reached target Network (Pre).
[[0;32m  OK  [0m] Started Set console font and keymap.
[[0;32m  OK  [0m] Created slice system-getty.slice.
[[0;32m  OK  [0m] Started LSB: AppArmor initialization.
         Starting Raise network interfaces...
[[0;32m  OK  [0m] Started Raise network interfaces.
         Starting Initial cloud-init job (metadata service crawler)...
[[0;32m  OK  [0m] Reached target Network.
[   10.454824] cloud-init[965]: Cloud-init v. 19.1-1-gbaa47854-0ubuntu1~16.04.1 running 'init' at Thu, 29 Aug 2019 14:08:02 +0000. Up 9.60 seconds.
[   10.458119] cloud-init[965]: ci-info: ++++++++++++++++++++++++++++++++++++++Net device info+++++++++++++++++++++++++++++++++++++++
[   10.460971] cloud-init[965]: ci-info: +--------+-------+----------------------------+---------------+--------+-------------------+
[   10.462930] cloud-init[965]: ci-info: | Device |   Up  |          Address           |      Mask     | Scope  |     Hw-Address    |
[   10.465758] cloud-init[965]: ci-info: +--------+-------+----------------------------+---------------+--------+-------------------+
[   10.468905] cloud-init[965]: ci-info: | enp0s3 |  True |         10.0.2.15          | 255.255.255.0 | global | 02:c2:66:bb:16:6d |
[   10.472526] cloud-init[965]: ci-info: | enp0s3 |  True | fe80::c2:66ff:febb:166d/64 |       .       |  link  | 02:c2:66:bb:16:6d |
[   10.474382] cloud-init[965]: ci-info: | enp0s8 | False |             .              |       .       |   .    | 08:00:27:8a:c8:3d |
[   10.476330] cloud-init[965]: ci-info: |   lo   |  True |         127.0.0.1          |   255.0.0.0   |  host  |         .         |
[   10.478270] cloud-init[965]: ci-info: |   lo   |  True |          ::1/128           |       .       |  host  |         .         |
[   10.480185] cloud-init[965]: ci-info: +--------+-------+----------------------------+---------------+--------+-------------------+
[   10.483180] cloud-init[965]: ci-info: +++++++++++++++++++++++++++Route IPv4 info++++++++++++++++++++++++++++
[   10.484900] cloud-init[965]: ci-info: +-------+-------------+----------+---------------+-----------+-------+
[   10.487606] cloud-init[965]: ci-info: | Route | Destination | Gateway  |    Genmask    | Interface | Flags |
[   10.490058] cloud-init[965]: ci-info: +-------+-------------+----------+---------------+-----------+-------+
[   10.492652] cloud-init[965]: ci-info: |   0   |   0.0.0.0   | 10.0.2.2 |    0.0.0.0    |   enp0s3  |   UG  |
[   10.494863] cloud-init[965]: ci-info: |   1   |   10.0.2.0  | 0.0.0.0  | 255.255.255.0 |   enp0s3  |   U   |
[   10.496886] cloud-init[965]: ci-info: +-------+-------------+----------+---------------+-----------+-------+
[   10.499226] cloud-init[965]: ci-info: +++++++++++++++++++Route IPv6 info+++++++++++++++++++
[   10.501535] cloud-init[965]: ci-info: +-------+-------------+---------+-----------+-------+
[   10.504762] cloud-init[965]: ci-info: | Route | Destination | Gateway | Interface | Flags |
[   10.507074] cloud-init[965]: ci-info: +-------+-------------+---------+-----------+-------+
[   10.509412] cloud-init[965]: ci-info: |   0   |  fe80::/64  |    ::   |   enp0s3  |   U   |
[   10.511645] cloud-init[965]: ci-info: |   3   |   ff00::/8  |    ::   |   enp0s3  |   U   |
[   10.520394] cloud-init[965]: ci-info: +-------+-------------+---------+-----------+-------+
[   10.522680] cloud-init[965]: Generating public/private rsa key pair.
[   10.524411] cloud-init[965]: Your identification has been saved in /etc/ssh/ssh_host_rsa_key.
[   10.525962] cloud-init[965]: Your public key has been saved in /etc/ssh/ssh_host_rsa_key.pub.
[   10.527506] cloud-init[965]: The key fingerprint is:
[   10.528577] cloud-init[965]: SHA256:JMRa4ZDyARsD2U6pbeA4CSO181KLMhiDDnQQRswPxWs root@ubuntu-xenial
[   10.530139] cloud-init[965]: The key's randomart image is:
[   10.531736] cloud-init[965]: +---[RSA 2048]----+
[   10.533114] cloud-init[965]: |=@X=.oo.         |
[   10.534665] cloud-init[965]: |X+**o+o          |
[   10.536525] cloud-init[965]: |XO*oo+o .        |
[   10.538895] cloud-init[965]: |O++Eo. o         |
[   10.540460] cloud-init[965]: |+++ o   S        |
[   10.542156] cloud-init[965]: | o .             |
[   10.543433] cloud-init[965]: |                 |
[   10.544735] cloud-init[965]: |                 |
[   10.546011] cloud-init[965]: |                 |
[   10.547305] cloud-init[965]: +----[SHA256]-----+
[   10.548597] cloud-init[965]: Generating public/private dsa key pair.
[   10.550171] cloud-init[965]: Your identification has been saved in /etc/ssh/ssh_host_dsa_key.
[   10.552658] cloud-init[965]: Your public key has been saved in /etc/ssh/ssh_host_dsa_key.pub.
[   10.564693] [[0;32m  OK  [0m] Started Initial cloud-init job (metadata service crawler).
cloud-init[965]: The key fingerprint is:
[[0;32m  OK  [0m] Reached target Network is Online.
[   10.567956] cloud-init[965]: SHA256:wUAAz0Fmibn7/Qbavk2YkzheoMwThBS0knSmWTQMXO0 root@ubuntu-xenial
[   10.572243] cloud-init[965]: The key's randomart image is:
[   10.574018] cloud-init[965]: +---[DSA 1024]----+
[   10.575627] cloud-init[965]: |o*B%B+o          |
[   10.576921] cloud-init[965]: |o+X*oo o         |
[   10.578024] cloud-init[965]: |++..+   o        |
[   10.579170] cloud-init[965]: |...  E   .       |
[   10.580339] cloud-init[965]: |  ...   S        |
[   10.581440] cloud-init[965]: | o.o o.+         |
[   10.582500] cloud-init[965]: |  =.o+*..        |
[   10.583558] cloud-init         Starting iSCSI initiator daemon (iscsid)...
[[0;32m  OK  [0m] Reached target Cloud-config availability.
[[0;32m  OK  [0m] Reached target System Initialization.
[[0;32m  OK  [0m] Listening on D-Bus System Message Bus Socket.
[965]: |   oooo+.        |
[   10.588231] cloud-init         Starting LXD - unix socket.
[965]: |    ..o+o        |
[   10.590424] cloud-init[965]: +----[SHA256]-----+
[[0;32m  OK  [0m] Started ACPI Events Check.
[[0;32m  OK  [0m] Reached target Paths.
[   10.592074]          Starting Socket activation for snappy daemon.
[[0;32m  OK  [0m] Started Daily apt download activities.
[[0;32m  OK  [0m] Started Daily Cleanup of Temporary Directories.
[[0;32m  OK  [0m] Listening on ACPID Listen Socket.
[[0;32m  OK  [0m] Listening on UUID daemon activation socket.
[[0;32m  OK  [0m] Started Daily apt upgrade and clean activities.
[[0;32m  OK  [0m] Reached target Timers.
[[0;32m  OK  [0m] Listening on LXD - unix socket.
[[0;32m  OK  [0m] Listening on Socket activation for snappy daemon.
cloud-init[965]: Generating public/private ecdsa key pair.
[   10.605103] cloud-init[965]: Your identification has been saved in /etc/ssh/ssh_host_ecdsa_key.
[   10.607359] cloud-init[965]: Your public key has been saved in /etc/ssh/ssh_host_ecdsa_key.pub.
[   10.609721] cloud-init[965]: The key fingerprint is:[[0;32m  OK  [0m] Reached target Sockets.
[[0;32m  OK  [0m] Reached target Basic System.

[   10.613275] cloud-init[965]: SHA256:MYerT3d4Tr7KuLy+A60yU7TW3vb1t231SFX1/VNNKmQ root@ubuntu-xenial         Starting Accounts Service...

[   10.616637] cloud-init[965]: The key's randomart image is:
[   10.620764]          Starting Pollinate to seed the pseudo random number generator...
cloud-init[965]: +---[ECDSA 256]---+
[[0;32m  OK  [0m] Started ACPI event daemon.
         Starting LSB: MD monitoring daemon...
         Starting System Logging Service...
         Starting Snappy daemon...
[[0;32m  OK  [0m] Started D-Bus System Message Bus.
[   10.627846] cloud-init[965]: |            E   +|
[   10.649224] cloud-init[965]: |         . o   o=|
[   10.650483] cloud-init[965]: |        + . . . *|
[   10.652763] cloud-init[965]: |      .  =   .  +|
[   10.654360] cloud-init[965]: |     . +S      o.|
[   10.655989] cloud-init[965]: |      =.o  .  . o|
[   10.657473] cloud-init[965]: |     o.+..o +...o|
[   10.658831] cloud-init[965]: |    + .+o+o* ...=|
[   10.660300] cloud-init[965]: |     + .O*oo=. o=|
[   10.663116] cloud-init[965]: +----[SHA256]-----+
[   10.665041] cloud-init[965]: Generating public/private ed25519 key pair.
[   10.666782] cloud-init[965]: Your identification has been saved in /etc/ssh/ssh_host_ed25519_key.
[   10.669515] cloud-init[965]: Your public key has been saved in /etc/ssh/ssh_host_ed25519_key.pub.
[   10.672285] cloud-init[965]: The key fingerprint is:
[   10.674000] cloud-init[965]: SHA256:eyhKx55HtNd1z/8kxX7amtZ5ZAI3FalGBplULkfiV0Y root@ubuntu-xenial
[   10.676562] cloud-init[965]: The key's randomart image is:
[   10.678493] cloud-init[965]: +--[ED25519 256]--+
[   10.680167] cloud-init[965]: |          .+=o.Eo|
[   10.681574] cloud-init[965]: |          .o+oo..|
[   10.683108] cloud-init[965]: |           oo+.. |
[   10.685642] cloud-init[965]: |        .   =o+..|
[   10.687580] cloud-init[965]: |       .S. ..+ ++|
[   10.688885] cloud-init[965]: |     .  oo. . .o=|
[   10.690366] cloud-init[965]: |    . +.o..   .=*|
[   10.691992] cloud-init[965]: |   . + o..    .B=|
[   10.693414] cloud-init[965]: |    . o.     .+.=|
[   10.695001] cloud-init[965]: +----[SHA256]-----+
         Starting LSB: Record successful boot for GRUB...
         Starting /etc/rc.local Compatibility...
[[0;32m  OK  [0m] Started Regular background program processing daemon.
         Starting Virtualbox guest utils...
[[0;32m  OK  [0m] Started Deferred execution scheduler.
         Starting Login Service...
[[0;32m  OK  [0m] Started FUSE filesystem for LXC.
         Starting LXD - container startup/shutdown...
[[0;32m  OK  [0m] Started System Logging Service.
[[0;32m  OK  [0m] Started iSCSI initiator daemon (iscsid).
[[0;32m  OK  [0m] Started /etc/rc.local Compatibility.
[[0;32m  OK  [0m] Started LSB: MD monitoring daemon.
         Starting Authenticate and Authorize Users to Run Privileged Tasks...
         Starting Login to default iSCSI targets...
[[0;32m  OK  [0m] Started LSB: Record successful boot for GRUB.
[[0;32m  OK  [0m] Started Login Service.
[[0;32m  OK  [0m] Started Unattended Upgrades Shutdown.
[[0;32m  OK  [0m] Started Authenticate and Authorize Users to Run Privileged Tasks.
[[0;32m  OK  [0m] Started Login to default iSCSI targets.
[[0;32m  OK  [0m] Started Accounts Service.
[[0;32m  OK  [0m] Reached target Remote File Systems (Pre).
[[0;32m  OK  [0m] Reached target Remote File Systems.
         Starting LSB: daemon to balance interrupts for SMP systems...
         Starting Permit User Sessions...
         Starting LSB: Set the CPU Frequency Scaling governor to "ondemand"...
         Starting LSB: automatic crash report generation...
[[0;32m  OK  [0m] Started Permit User Sessions.
         Starting Hold until boot process finishes up...
         Starting Terminate Plymouth Boot Screen...
[[0;32m  OK  [0m] Started LSB: Set the CPU Frequency Scaling governor to "ondemand".
[[0;32m  OK  [0m] Started Hold until boot process finishes up.
[[0;32m  OK  [0m] Started Terminate Plymouth Boot Screen.
[[0;32m  OK  [0m] Started Virtualbox guest utils.
[[0;32m  OK  [0m] Started Getty on tty1.
[[0;32m  OK  [0m] Started Serial Getty on ttyS0.
[[0;32m  OK  [0m] Reached target Login Prompts.
         Starting Set console scheme...
[[0;32m  OK  [0m] Started LSB: daemon to balance interrupts for SMP systems.
[[0;32m  OK  [0m] Started Set console scheme.
[[0;32m  OK  [0m] Started Pollinate to seed the pseudo random number generator.
         Starting OpenBSD Secure Shell server...
[[0;32m  OK  [0m] Started LSB: automatic crash report generation.
[[0;32m  OK  [0m] Started LXD - container startup/shutdown.
[[0;32m  OK  [0m] Started OpenBSD Secure Shell server.
[[0;32m  OK  [0m] Started Snappy daemon.
         Starting Wait until snapd is fully seeded...
[[0;32m  OK  [0m] Created slice User Slice of vagrant.
         Starting User Manager for UID 1000...
[[0;32m  OK  [0m] Started Session 1 of user vagrant.
[[0;32m  OK  [0m] Started User Manager for UID 1000.
[[0;32m  OK  [0m] Started Wait until snapd is fully seeded.
         Starting Apply the settings specified in cloud-config...
[[0;32m  OK  [0m] Reached target Multi-User System.
[[0;32m  OK  [0m] Reached target Graphical Interface.
         Starting Update UTMP about System Runlevel Changes...
[[0;32m  OK  [0m] Started Update UTMP about System Runlevel Changes.
[   13.489363] cloud-init[1385]: Generating locales (this might take a while)...
[   14.938693] cloud-init[1385]:   en_US.UTF-8... done
[   14.948530] cloud-init[1385]: Generation complete.
[   15.430506] cloud-init[1385]: Cloud-init v. 19.1-1-gbaa47854-0ubuntu1~16.04.1 running 'modules:config' at Thu, 29 Aug 2019 14:08:05 +0000. Up 13.28 seconds.
[[0;32m  OK  [0m] Started Apply the settings specified in cloud-config.
         Starting Execute cloud user/final scripts...
ci-info: no authorized ssh keys fingerprints found for user ubuntu.
<14>Aug 29 14:08:08 ec2: 
<14>Aug 29 14:08:08 ec2: #############################################################
<14>Aug 29 14:08:08 ec2: -----BEGIN SSH HOST KEY FINGERPRINTS-----
<14>Aug 29 14:08:08 ec2: 1024 SHA256:wUAAz0Fmibn7/Qbavk2YkzheoMwThBS0knSmWTQMXO0 root@ubuntu-xenial (DSA)
<14>Aug 29 14:08:08 ec2: 256 SHA256:MYerT3d4Tr7KuLy+A60yU7TW3vb1t231SFX1/VNNKmQ root@ubuntu-xenial (ECDSA)
<14>Aug 29 14:08:08 ec2: 256 SHA256:eyhKx55HtNd1z/8kxX7amtZ5ZAI3FalGBplULkfiV0Y root@ubuntu-xenial (ED25519)
<14>Aug 29 14:08:08 ec2: 2048 SHA256:JMRa4ZDyARsD2U6pbeA4CSO181KLMhiDDnQQRswPxWs root@ubuntu-xenial (RSA)
<14>Aug 29 14:08:08 ec2: -----END SSH HOST KEY FINGERPRINTS-----
<14>Aug 29 14:08:08 ec2: #############################################################
-----BEGIN SSH HOST KEY KEYS-----
ecdsa-sha2-nistp256 AAAAE2VjZHNhLXNoYTItbmlzdHAyNTYAAAAIbmlzdHAyNTYAAABBBLdOh/GT+A6S3WUlWhjxSd2JiRVBeY8nKlMC6hordjT8IBHBr2MxsiChel2XMDOzGc7VnyFoJH8eqjyiM7yuFUY= root@ubuntu-xenial
ssh-ed25519 AAAAC3NzaC1lZDI1NTE5AAAAIKwLeAdr+qAJloXg5dg3oxdiA/qAFAdmQ3VcxKFArU8R root@ubuntu-xenial
ssh-rsa AAAAB3NzaC1yc2EAAAADAQABAAABAQDQe5byGvMBMXpk6ar4YShAZuZJcASxA8p7P76IuT+jvXEdxuIaYa2IdTu0MHxB1BoYKw0hRzVycOJpPsW1qHqK+imN4XpDQJe2SRx6p5Um6D/zbRH0BSlFFM2A8XqnSPiNJV9xe7ZTgzsG0JIqqs27aJeuEBbQjGIhVs04hmWGOjOtsMmF6Wskzp2OzLo1MMwhnwnur8WYyaDKYcoWmR2nFTES4vMiL0kT8fOqCwjmVuxGsl6EOT7pjGCGLF7u/3uNqYKLBDHkKd+iyvviDjqXu0wySgUYbr1gAq1d3jT2QIrf/HoapnX/XSz6AH7oCnGc6iO94gdlW+fZCdEp3cqR root@ubuntu-xenial
-----END SSH HOST KEY KEYS-----
[   16.251500] cloud-init[1557]: Cloud-init v. 19.1-1-gbaa47854-0ubuntu1~16.04.1 running 'modules:final' at Thu, 29 Aug 2019 14:08:08 +0000. Up 16.00 seconds.
[   16.256722] cloud-init[1557]: ci-info: no authorized ssh keys fingerprints found for user ubuntu.
[   16.259113] cloud-init[1557]: Cloud-init v. 19.1-1-gbaa47854-0ubuntu1~16.04.1 finished at Thu, 29 Aug 2019 14:08:08 +0000. Datasource DataSourceNoCloud [seed=/dev/sdb][dsmode=net].  Up 16.23 seconds

Ubuntu 16.04.6 LTS ubuntu-xenial ttyS0

ubuntu-xenial login: 